#
#model:
#
#<?xml version="1.0" encoding="UTF-8" standalone="no"?><input id="posterior" spec="beast.core.util.CompoundDistribution">
#    <distribution id="prior" spec="beast.core.util.CompoundDistribution">
#        <distribution id="BirthDeath.t:pirouette_159e2cc22cf1" spec="beast.evolution.speciation.BirthDeathGernhard08Model">
#            <parameter id="BDDeathRate.t:pirouette_159e2cc22cf1" lower="0.0" name="relativeDeathRate" upper="1.0">0.5</parameter>
#            <parameter id="BDBirthRate.t:pirouette_159e2cc22cf1" lower="0.0" name="birthDiffRate" upper="10000.0">1.0</parameter>
#            <tree IsLabelledNewick="true" adjustTipHeights="false" id="Tree.t:pirouette_159e2cc22cf1" newick="(B:15,(C:3.295122563,(A:2.518745185,D:2.518745185):0.7763773778):11.70487744);" spec="beast.util.TreeParser">
#                <taxonset id="TaxonSet" spec="beast.evolution.alignment.TaxonSet">
#                    <taxon id="A" spec="beast.evolution.alignment.Taxon"/>
#                    <taxon id="B" spec="beast.evolution.alignment.Taxon"/>
#                    <taxon id="C" spec="beast.evolution.alignment.Taxon"/>
#                    <taxon id="D" spec="beast.evolution.alignment.Taxon"/>
#                </taxonset>
#            </tree>
#        </distribution>
#        <prior id="BirthRatePrior.t:pirouette_159e2cc22cf1" name="distribution" x="@BDBirthRate.t:pirouette_159e2cc22cf1">
#            <Uniform id="Uniform.100" name="distr" upper="Infinity"/>
#        </prior>
#        <prior id="DeathRatePrior.t:pirouette_159e2cc22cf1" name="distribution" x="@BDDeathRate.t:pirouette_159e2cc22cf1">
#            <Uniform id="Uniform.101" name="distr" upper="Infinity"/>
#        </prior>
#    </distribution>
#    <distribution id="likelihood" spec="beast.core.util.CompoundDistribution" useThreads="true">
#        <distribution data="@pirouette_159e2cc22cf1" id="treeLikelihood.pirouette_159e2cc22cf1" spec="beast.evolution.likelihood.ThreadedTreeLikelihood" tree="@Tree.t:pirouette_159e2cc22cf1">
#            <siteModel id="SiteModel.s:pirouette_159e2cc22cf1" spec="beast.evolution.sitemodel.SiteModel">
#                <parameter estimate="false" id="mutationRate.s:pirouette_159e2cc22cf1" name="mutationRate">1.0</parameter>
#                <parameter estimate="false" id="gammaShape.s:pirouette_159e2cc22cf1" name="shape">1.0</parameter>
#                <parameter estimate="false" id="proportionInvariant.s:pirouette_159e2cc22cf1" lower="0.0" name="proportionInvariant" upper="1.0">0.0</parameter>
#                <substModel id="JC69.s:pirouette_159e2cc22cf1" spec="beast.evolution.substitutionmodel.JukesCantor"/>
#            </siteModel>
#            <branchRateModel id="StrictClock.c:pirouette_159e2cc22cf1" spec="beast.evolution.branchratemodel.StrictClockModel">
#                <parameter estimate="false" id="clockRate.c:pirouette_159e2cc22cf1" name="clock.rate">1.0</parameter>
#            </branchRateModel>
#        </distribution>
#    </distribution>
#</input>
#
Sample	posterior	likelihood	prior	treeLikelihood	TreeHeight	BirthDeath	BDBirthRate	BDDeathRate
0	-93.89287952675625	-55.42606280584771	-38.46681672090853	-55.42606280584771	15.000000003	-38.46681672090853	1.0	0.5
1000	-47.92073508992093	-37.565541126260584	-10.35519396366035	-37.565541126260584	15.000000003	-10.35519396366035	0.1681995556048369	0.2762771085927187
2000	-47.72435084918464	-37.74972567792826	-9.974625171256378	-37.74972567792826	15.000000003	-9.974625171256378	0.11114729775231842	0.9100583921372297
